<?xml version="1.0" encoding="UTF-8"?>
<!-- Generated by org.testng.reporters.JUnitXMLReporter -->
<testsuite hostname="LAPTOP-6F5IMLR2" ignored="0" name="Test2" tests="3" failures="0" timestamp="26 Mar 2022 10:07:13 GMT" time="14.223" errors="0">
  <testcase name="beforeClass" time="5.672" classname="org.sampletestng.SampleTest1"/>
  <testcase name="tc0" time="2.783" classname="org.sampletestng.SampleTest2"/>
  <testcase name="tc01" time="5.691" classname="org.sampletestng.SampleTest3"/>
</testsuite> <!-- Test2 -->
